-------------------------------------------------------------------------------
Test set: ru.sbrf.coffeeshop.CoffeeshopApplicationTests
-------------------------------------------------------------------------------
Tests run: 1, Failures: 0, Errors: 1, Skipped: 0, Time elapsed: 6.875 s <<< FAILURE! - in ru.sbrf.coffeeshop.CoffeeshopApplicationTests
contextLoads  Time elapsed: 0.002 s  <<< ERROR!
java.lang.IllegalStateException: Failed to load ApplicationContext
Caused by: org.springframework.beans.factory.BeanCreationException: 
Error creating bean with name 'requestMappingHandlerMapping' defined in class path resource [org/springframework/boot/autoconfigure/web/servlet/WebMvcAutoConfiguration$EnableWebMvcConfiguration.class]: Invocation of init method failed; nested exception is java.lang.IllegalStateException: Ambiguous mapping. Cannot map 'coffeeShopController' method 
ru.sbrf.coffeeshop.CoffeeShopController#feedback(String)
to { [/coffeeshop/payment]}: There is already 'coffeeShopController' bean method
ru.sbrf.coffeeshop.CoffeeShopController#payment(String) mapped.
Caused by: java.lang.IllegalStateException: 
Ambiguous mapping. Cannot map 'coffeeShopController' method 
ru.sbrf.coffeeshop.CoffeeShopController#feedback(String)
to { [/coffeeshop/payment]}: There is already 'coffeeShopController' bean method
ru.sbrf.coffeeshop.CoffeeShopController#payment(String) mapped.

